<?xml version="1.0" encoding="UTF-8"?>
<!-- Generated by org.testng.reporters.JUnitReportReporter -->
<testsuite hostname="DESKTOP-MP5P5GA" failures="0" tests="3" name="Demo.Verifypagetitle" time="0.138" errors="0" timestamp="2022-04-22T19:57:22 GMT-07:00" skipped="0">
  <testcase classname="Demo.Verifypagetitle" name="verifytitle" time="0.014"/>
  <system-out/>
  <testcase classname="Demo.Verifypagetitle" name="verifytitle" time="0.012"/>
  <system-out/>
  <testcase classname="Demo.Verifypagetitle" name="verifytitle" time="0.112"/>
  <system-out/>
</testsuite> <!-- Demo.Verifypagetitle -->
