<?xml version="1.0" encoding="UTF-8"?>
<!-- Generated by org.testng.reporters.JUnitReportReporter -->
<testsuite hostname="DESKTOP-MP5P5GA" failures="0" tests="1" name="com.webappsecurity.zero.testscripts.VerifyInvalidLoginTest" time="2.638" errors="0" timestamp="2022-03-21T20:13:44 GMT-07:00" skipped="0">
  <testcase classname="com.webappsecurity.zero.testscripts.VerifyInvalidLoginTest" name="InvalidLogin" time="2.638"/>
  <system-out/>
</testsuite> <!-- com.webappsecurity.zero.testscripts.VerifyInvalidLoginTest -->
