<?xml version="1.0" encoding="UTF-8"?>
<!-- Generated by org.testng.reporters.JUnitReportReporter -->
<testsuite hostname="DESKTOP-MP5P5GA" failures="0" tests="1" name="com.webappsecurity.zero.testscripts.VerifyValidLoginTest" time="2.572" errors="0" timestamp="2022-04-23T13:38:32 GMT-07:00" skipped="0">
  <testcase classname="com.webappsecurity.zero.testscripts.VerifyValidLoginTest" name="verifyValidLogin" time="2.572"/>
  <system-out/>
</testsuite> <!-- com.webappsecurity.zero.testscripts.VerifyValidLoginTest -->
