<?xml version="1.0" encoding="UTF-8"?>
<!-- Generated by org.testng.reporters.JUnitReportReporter -->
<testsuite hostname="DESKTOP-MP5P5GA" failures="0" tests="1" name="com.webappsecurity.zero.Testscripts.VerifyFundTransferTest" time="15.229" errors="0" timestamp="2022-04-02T17:42:42 GMT-07:00" skipped="0">
  <testcase classname="com.webappsecurity.zero.Testscripts.VerifyFundTransferTest" name="VerifyFundTransfer" time="15.229"/>
  <system-out/>
</testsuite> <!-- com.webappsecurity.zero.Testscripts.VerifyFundTransferTest -->
